<?xml version="1.0" encoding="UTF-8"?>
<testng-results skipped="0" failed="0" total="1" passed="1">
  <reporter-output>
  </reporter-output>
  <suite name="Default suite" duration-ms="24" started-at="2019-12-16T10:37:25Z" finished-at="2019-12-16T10:37:25Z">
    <groups>
    </groups>
    <test name="Default test" duration-ms="24" started-at="2019-12-16T10:37:25Z" finished-at="2019-12-16T10:37:25Z">
      <class name="CheckLot_2.Sellers">
        <test-method status="PASS" signature="m1()[pri:0, instance:CheckLot_2.Sellers@75bd9247]" name="m1" duration-ms="8" started-at="2019-12-16T16:07:25Z" finished-at="2019-12-16T16:07:25Z">
          <reporter-output>
          </reporter-output>
        </test-method> <!-- m1 -->
      </class> <!-- CheckLot_2.Sellers -->
    </test> <!-- Default test -->
  </suite> <!-- Default suite -->
</testng-results>
