<?xml version="1.0" encoding="UTF-8"?>
<testng-results skipped="1" failed="0" total="1" passed="0">
  <reporter-output>
  </reporter-output>
  <suite name="Default suite" duration-ms="42855" started-at="2020-01-09T19:56:51Z" finished-at="2020-01-09T19:57:34Z">
    <groups>
    </groups>
    <test name="Default test" duration-ms="42855" started-at="2020-01-09T19:56:51Z" finished-at="2020-01-09T19:57:34Z">
      <class name="Test.Sanity">
        <test-method status="PASS" signature="data()[pri:0, instance:Test.Sanity@2d209079]" name="data" is-config="true" duration-ms="42825" started-at="2020-01-10T01:26:51Z" finished-at="2020-01-10T01:27:34Z">
          <reporter-output>
          </reporter-output>
        </test-method> <!-- data -->
        <test-method status="SKIP" signature="testSeller(java.util.Map)[pri:0, instance:Test.Sanity@2d209079]" name="testSeller" duration-ms="0" started-at="2020-01-10T01:27:34Z" data-provider="SearchProvider" finished-at="2020-01-10T01:27:34Z">
          <exception class="org.testng.TestNGException">
            <message>
              <![CDATA[
Data Provider public java.util.Map Test.Sanity.getDataFromDataprovider() throws java.lang.ClassNotFoundException,java.io.IOException,java.sql.SQLException must return either Object[][] or Iterator<Object>[], not interface java.util.Map]]>
            </message>
            <full-stacktrace>
              <![CDATA[org.testng.TestNGException: 
Data Provider public java.util.Map Test.Sanity.getDataFromDataprovider() throws java.lang.ClassNotFoundException,java.io.IOException,java.sql.SQLException must return either Object[][] or Iterator<Object>[], not interface java.util.Map
	at org.testng.internal.MethodInvocationHelper.invokeDataProvider(MethodInvocationHelper.java:157)
	at org.testng.internal.Parameters.handleParameters(Parameters.java:430)
	at org.testng.internal.Invoker.handleParameters(Invoker.java:1276)
	at org.testng.internal.Invoker.createParameters(Invoker.java:991)
	at org.testng.internal.Invoker.invokeTestMethods(Invoker.java:1081)
	at org.testng.internal.TestMethodWorker.invokeTestMethods(TestMethodWorker.java:129)
	at org.testng.internal.TestMethodWorker.run(TestMethodWorker.java:112)
	at org.testng.TestRunner.privateRun(TestRunner.java:782)
	at org.testng.TestRunner.run(TestRunner.java:632)
	at org.testng.SuiteRunner.runTest(SuiteRunner.java:366)
	at org.testng.SuiteRunner.runSequentially(SuiteRunner.java:361)
	at org.testng.SuiteRunner.privateRun(SuiteRunner.java:319)
	at org.testng.SuiteRunner.run(SuiteRunner.java:268)
	at org.testng.SuiteRunnerWorker.runSuite(SuiteRunnerWorker.java:52)
	at org.testng.SuiteRunnerWorker.run(SuiteRunnerWorker.java:86)
	at org.testng.TestNG.runSuitesSequentially(TestNG.java:1244)
	at org.testng.TestNG.runSuitesLocally(TestNG.java:1169)
	at org.testng.TestNG.run(TestNG.java:1064)
	at org.testng.remote.RemoteTestNG.run(RemoteTestNG.java:113)
	at org.testng.remote.RemoteTestNG.initAndRun(RemoteTestNG.java:206)
	at org.testng.remote.RemoteTestNG.main(RemoteTestNG.java:177)
]]>
            </full-stacktrace>
          </exception> <!-- org.testng.TestNGException -->
          <reporter-output>
          </reporter-output>
        </test-method> <!-- testSeller -->
      </class> <!-- Test.Sanity -->
    </test> <!-- Default test -->
  </suite> <!-- Default suite -->
</testng-results>
